<?xml version="1.0" encoding="UTF-8"?>
<!-- Generated by org.testng.reporters.JUnitReportReporter -->
<testsuite hostname="MAVCHN0522057" failures="0" tests="1" name="demo.SoftHardAssert" time="0.009" errors="0" timestamp="2022-12-05T12:18:27 IST" skipped="0">
  <testcase classname="demo.SoftHardAssert" name="test" time="0.009"/>
  <system-out/>
</testsuite> <!-- demo.SoftHardAssert -->
